<?xml version="1.0" encoding="UTF-8"?>
<!-- Generated by org.testng.reporters.JUnitReportReporter -->
<testsuite skipped="0" hostname="LAPTOP-S1G3HPGS" name="com.class05.demoTest" tests="2" failures="0" timestamp="12 Jun 2019 01:46:54 GMT" time="13.371" errors="0">
  <testcase name="testCrossBrowser" time="5.493" classname="com.class05.demoTest"/>
  <testcase name="testCrossBrowser" time="7.878" classname="com.class05.demoTest"/>
</testsuite> <!-- com.class05.demoTest -->
