<?xml version="1.0" encoding="UTF-8"?>
<!-- Generated by org.testng.reporters.JUnitReportReporter -->
<testsuite skipped="0" hostname="LAPTOP-S1G3HPGS" name="com.class01.test" tests="3" failures="0" timestamp="29 May 2019 01:18:21 GMT" time="0.017" errors="0">
  <testcase name="testDemo" time="0.002" classname="com.class01.test"/>
  <testcase name="a" time="0.013" classname="com.class01.test"/>
  <testcase name="b" time="0.002" classname="com.class01.test"/>
</testsuite> <!-- com.class01.test -->
